<?xml version="1.0" encoding="UTF-8"?>
<!-- Generated by org.testng.reporters.JUnitXMLReporter -->
<testsuite ignored="0" hostname="Swagatika" failures="0" tests="4" name="Default test" time="5.398" errors="0" timestamp="2024-07-16T18:53:30 GMT-05:00">
  <testcase classname="api.test.UserTests" name="testPostUser" time="3.584"/>
  <testcase classname="api.test.UserTests" name="testGetUserByName" time="0.472"/>
  <testcase classname="api.test.UserTests" name="testUpdateUserByName" time="0.816"/>
  <testcase classname="api.test.UserTests" name="deleteUserByName" time="0.321"/>
</testsuite> <!-- Default test -->
