<?xml version="1.0" encoding="UTF-8"?>
<testng-results ignored="0" total="4" passed="4" failed="0" skipped="0">
  <reporter-output>
  </reporter-output>
  <suite started-at="2024-07-17T06:56:21 GMT-05:00" name="PetSuite" finished-at="2024-07-17T06:56:26 GMT-05:00" duration-ms="5613">
    <groups>
    </groups>
    <test started-at="2024-07-17T06:56:21 GMT-05:00" name="PetTests" finished-at="2024-07-17T06:56:26 GMT-05:00" duration-ms="5613">
      <class name="api.test.UserTests">
        <test-method is-config="true" signature="setupData()[pri:0, instance:api.test.UserTests@708f5957]" started-at="2024-07-17T06:56:21 GMT-05:00" name="setupData" finished-at="2024-07-17T06:56:21 GMT-05:00" duration-ms="298" status="PASS">
          <reporter-output>
          </reporter-output>
        </test-method> <!-- setupData -->
        <test-method signature="testPostUser()[pri:1, instance:api.test.UserTests@708f5957]" started-at="2024-07-17T06:56:21 GMT-05:00" name="testPostUser" finished-at="2024-07-17T06:56:25 GMT-05:00" duration-ms="3299" status="PASS">
          <reporter-output>
          </reporter-output>
        </test-method> <!-- testPostUser -->
        <test-method signature="testGetUserByName()[pri:2, instance:api.test.UserTests@708f5957]" started-at="2024-07-17T06:56:25 GMT-05:00" name="testGetUserByName" finished-at="2024-07-17T06:56:25 GMT-05:00" duration-ms="358" status="PASS">
          <reporter-output>
          </reporter-output>
        </test-method> <!-- testGetUserByName -->
        <test-method signature="testUpdateUserByName()[pri:3, instance:api.test.UserTests@708f5957]" started-at="2024-07-17T06:56:25 GMT-05:00" name="testUpdateUserByName" finished-at="2024-07-17T06:56:26 GMT-05:00" duration-ms="876" status="PASS">
          <reporter-output>
          </reporter-output>
        </test-method> <!-- testUpdateUserByName -->
        <test-method signature="deleteUserByName()[pri:4, instance:api.test.UserTests@708f5957]" started-at="2024-07-17T06:56:26 GMT-05:00" name="deleteUserByName" finished-at="2024-07-17T06:56:26 GMT-05:00" duration-ms="407" status="PASS">
          <reporter-output>
          </reporter-output>
        </test-method> <!-- deleteUserByName -->
      </class> <!-- api.test.UserTests -->
    </test> <!-- PetTests -->
  </suite> <!-- PetSuite -->
</testng-results>
