<?xml version="1.0" encoding="UTF-8"?>
<testng-results ignored="0" total="4" passed="4" failed="0" skipped="0">
  <reporter-output>
  </reporter-output>
  <suite started-at="2024-07-17T05:24:26 GMT-05:00" name="PetSuite" finished-at="2024-07-17T05:24:32 GMT-05:00" duration-ms="5980">
    <groups>
    </groups>
    <test started-at="2024-07-17T05:24:26 GMT-05:00" name="PetTests" finished-at="2024-07-17T05:24:32 GMT-05:00" duration-ms="5980">
      <class name="api.test.UserTests2">
        <test-method is-config="true" signature="setupData()[pri:0, instance:api.test.UserTests2@1c7696c6]" started-at="2024-07-17T05:24:26 GMT-05:00" name="setupData" finished-at="2024-07-17T05:24:27 GMT-05:00" duration-ms="331" status="PASS">
          <reporter-output>
          </reporter-output>
        </test-method> <!-- setupData -->
        <test-method signature="testPostUser()[pri:1, instance:api.test.UserTests2@1c7696c6]" started-at="2024-07-17T05:24:27 GMT-05:00" name="testPostUser" finished-at="2024-07-17T05:24:30 GMT-05:00" duration-ms="3596" status="PASS">
          <reporter-output>
          </reporter-output>
        </test-method> <!-- testPostUser -->
        <test-method signature="testGetUserByName()[pri:2, instance:api.test.UserTests2@1c7696c6]" started-at="2024-07-17T05:24:30 GMT-05:00" name="testGetUserByName" finished-at="2024-07-17T05:24:31 GMT-05:00" duration-ms="380" status="PASS">
          <reporter-output>
          </reporter-output>
        </test-method> <!-- testGetUserByName -->
        <test-method signature="testUpdateUserByName()[pri:3, instance:api.test.UserTests2@1c7696c6]" started-at="2024-07-17T05:24:31 GMT-05:00" name="testUpdateUserByName" finished-at="2024-07-17T05:24:31 GMT-05:00" duration-ms="786" status="PASS">
          <reporter-output>
          </reporter-output>
        </test-method> <!-- testUpdateUserByName -->
        <test-method signature="deleteUserByName()[pri:4, instance:api.test.UserTests2@1c7696c6]" started-at="2024-07-17T05:24:31 GMT-05:00" name="deleteUserByName" finished-at="2024-07-17T05:24:32 GMT-05:00" duration-ms="291" status="PASS">
          <reporter-output>
          </reporter-output>
        </test-method> <!-- deleteUserByName -->
      </class> <!-- api.test.UserTests2 -->
    </test> <!-- PetTests -->
  </suite> <!-- PetSuite -->
</testng-results>
