<?xml version="1.0" encoding="UTF-8"?>
<!-- Generated by org.testng.reporters.JUnitXMLReporter -->
<testsuite ignored="0" hostname="Swagatika" failures="0" tests="4" name="PetTests" time="5.613" errors="0" timestamp="2024-07-17T06:56:27 GMT-05:00">
  <testcase classname="api.test.UserTests" name="testPostUser" time="3.299"/>
  <testcase classname="api.test.UserTests" name="testGetUserByName" time="0.358"/>
  <testcase classname="api.test.UserTests" name="testUpdateUserByName" time="0.876"/>
  <testcase classname="api.test.UserTests" name="deleteUserByName" time="0.407"/>
</testsuite> <!-- PetTests -->
