<?xml version="1.0" encoding="UTF-8"?>
<!-- Generated by org.testng.reporters.JUnitXMLReporter -->
<testsuite ignored="0" hostname="Swagatika" failures="0" tests="4" name="PetTests" time="4.865" errors="0" timestamp="2024-07-17T06:11:27 GMT-05:00">
  <testcase classname="api.test.UserTests" name="testPostUser" time="2.98"/>
  <testcase classname="api.test.UserTests" name="testGetUserByName" time="0.372"/>
  <testcase classname="api.test.UserTests" name="testUpdateUserByName" time="0.675"/>
  <testcase classname="api.test.UserTests" name="deleteUserByName" time="0.348"/>
</testsuite> <!-- PetTests -->
