<?xml version="1.0" encoding="UTF-8"?>
<!-- Generated by org.testng.reporters.JUnitXMLReporter -->
<testsuite ignored="0" hostname="Swagatika" failures="0" tests="4" name="PetTests" time="5.98" errors="0" timestamp="2024-07-17T05:24:32 GMT-05:00">
  <testcase classname="api.test.UserTests2" name="testPostUser" time="3.596"/>
  <testcase classname="api.test.UserTests2" name="testGetUserByName" time="0.38"/>
  <testcase classname="api.test.UserTests2" name="testUpdateUserByName" time="0.786"/>
  <testcase classname="api.test.UserTests2" name="deleteUserByName" time="0.291"/>
</testsuite> <!-- PetTests -->
